<?xml version="1.0" encoding="UTF-8"?>
<!-- Generated by org.testng.reporters.JUnitReportReporter -->
<testsuite hostname="MacBook-Pro.local" failures="0" tests="1" name="com.ui.rest.SerilaizeTest" time="2.073" errors="0" timestamp="2021-06-30T22:48:42 SGT" skipped="0">
  <testcase classname="com.ui.rest.SerilaizeTest" name="Serializationtest" time="2.073"/>
  <system-out/>
</testsuite> <!-- com.ui.rest.SerilaizeTest -->
