<?xml version="1.0" encoding="UTF-8"?>
<!-- Generated by org.testng.reporters.JUnitReportReporter -->
<testsuite hostname="MacBook-Pro.local" failures="0" tests="1" name="com.ui.rest.complexJsonParse" time="1.191" errors="0" timestamp="2021-05-30T19:45:59 SGT" skipped="0">
  <testcase classname="com.ui.rest.complexJsonParse" name="testjson" time="1.191"/>
  <system-out/>
</testsuite> <!-- com.ui.rest.complexJsonParse -->
