<?xml version="1.0" encoding="UTF-8"?>
<!-- Generated by org.testng.reporters.JUnitReportReporter -->
<testsuite hostname="MacBook-Pro.local" failures="0" tests="1" name="jirautomate.co.mm.AutheticateJIRA" time="2.058" errors="0" timestamp="2021-06-12T16:58:51 SGT" skipped="0">
  <testcase classname="jirautomate.co.mm.AutheticateJIRA" name="AutomateJIRA" time="2.058"/>
  <system-out/>
</testsuite> <!-- jirautomate.co.mm.AutheticateJIRA -->
