<?xml version="1.0" encoding="UTF-8"?>
<!-- Generated by org.testng.reporters.JUnitReportReporter -->
<testsuite hostname="MacBook-Pro.local" failures="0" tests="1" name="jirautomate.co.mm.JIRAspecbuilder" time="2.434" errors="0" timestamp="2021-06-19T23:01:45 SGT" skipped="0">
  <testcase classname="jirautomate.co.mm.JIRAspecbuilder" name="JIRAspecbuilder" time="2.434"/>
  <system-out/>
</testsuite> <!-- jirautomate.co.mm.JIRAspecbuilder -->
