<?xml version="1.0" encoding="UTF-8"?>
<!-- Generated by org.testng.reporters.JUnitReportReporter -->
<testsuite hostname="MacBook-Pro.local" failures="0" tests="2" name="com.ui.rest.Dynamicjson" time="2.532" errors="0" timestamp="2021-05-30T23:37:23 SGT" skipped="0">
  <testcase classname="com.ui.rest.Dynamicjson" name="addBook" time="0.384"/>
  <system-out/>
  <testcase classname="com.ui.rest.Dynamicjson" name="addBook" time="2.148"/>
  <system-out/>
</testsuite> <!-- com.ui.rest.Dynamicjson -->
