<?xml version="1.0" encoding="UTF-8"?>
<!-- Generated by org.testng.reporters.JUnitReportReporter -->
<testsuite hostname="MacBook-Pro.local" failures="0" tests="1" name="com.ui.rest.SpecBuildertest" time="2.495" errors="0" timestamp="2021-07-10T15:23:31 SGT" skipped="0">
  <testcase classname="com.ui.rest.SpecBuildertest" name="Serializationtest" time="2.495"/>
  <system-out/>
</testsuite> <!-- com.ui.rest.SpecBuildertest -->
