<?xml version="1.0" encoding="UTF-8"?>
<!-- Generated by org.testng.reporters.JUnitReportReporter -->
<testsuite hostname="MacBook-Pro.local" failures="0" tests="1" name="com.ui.rest.TestRestassuredDemo1" time="4.987" errors="0" timestamp="2021-05-30T01:44:45 SGT" skipped="0">
  <testcase classname="com.ui.rest.TestRestassuredDemo1" name="test_01" time="4.987"/>
  <system-out/>
</testsuite> <!-- com.ui.rest.TestRestassuredDemo1 -->
